<?xml version="1.0" encoding="UTF-8"?>
<!-- Generated by org.testng.reporters.JUnitXMLReporter -->
<testsuite ignored="0" hostname="AM-GC04VDQP9G" failures="0" tests="8" name="API Validation" time="2.107" errors="0" timestamp="2025-05-07T18:01:59 IST">
  <testcase classname="tests.CreateBookTest" name="testCreateBookInvalidData" time="0.063"/>
  <testcase classname="tests.CreateBookTest" name="testCreateBookValidData" time="0.028"/>
  <testcase classname="tests.GetBookTest" name="testGetExistingBook" time="0.036"/>
  <testcase classname="tests.GetBookTest" name="testGetNonExistentBook" time="0.012"/>
  <testcase classname="tests.UpdateBookTest" name="testUpdateExistingBook" time="0.048"/>
  <testcase classname="tests.UpdateBookTest" name="testUpdateNonExistentBook" time="0.01"/>
  <testcase classname="tests.DeleteBookTest" name="testDeleteExistingBook" time="0.032"/>
  <testcase classname="tests.DeleteBookTest" name="testDeleteNonExistentBook" time="0.011"/>
</testsuite> <!-- API Validation -->
