<?xml version="1.0" encoding="UTF-8"?>
<testng-results ignored="0" total="8" passed="8" failed="0" skipped="0">
  <reporter-output>
  </reporter-output>
  <suite started-at="2025-05-16T16:30:50 IST" name="Bookstore API Tests" finished-at="2025-05-16T16:30:56 IST" duration-ms="5803">
    <groups>
      <group name="negative">
        <method signature="CreateBookTest.testCreateBookWithInvalidData()[pri:0, instance:tests.CreateBookTest@2a265ea9]" name="testCreateBookWithInvalidData" class="tests.CreateBookTest"/>
        <method signature="DeleteBookTest.testDeleteNonExistentBook()[pri:0, instance:tests.DeleteBookTest@6e9175d8]" name="testDeleteNonExistentBook" class="tests.DeleteBookTest"/>
        <method signature="GetBookTest.testGetNonExistentBook()[pri:0, instance:tests.GetBookTest@5b1669c0]" name="testGetNonExistentBook" class="tests.GetBookTest"/>
        <method signature="UpdateBookTest.testUpdateNonExistentBook()[pri:0, instance:tests.UpdateBookTest@78e4deb0]" name="testUpdateNonExistentBook" class="tests.UpdateBookTest"/>
      </group> <!-- negative -->
      <group name="smoke">
        <method signature="CreateBookTest.testCreateBookWithValidData()[pri:0, instance:tests.CreateBookTest@2a265ea9]" name="testCreateBookWithValidData" class="tests.CreateBookTest"/>
        <method signature="DeleteBookTest.testDeleteExistingBook()[pri:0, instance:tests.DeleteBookTest@6e9175d8]" name="testDeleteExistingBook" class="tests.DeleteBookTest"/>
        <method signature="GetBookTest.testGetExistingBook()[pri:0, instance:tests.GetBookTest@5b1669c0]" name="testGetExistingBook" class="tests.GetBookTest"/>
        <method signature="UpdateBookTest.testUpdateExistingBook()[pri:0, instance:tests.UpdateBookTest@78e4deb0]" name="testUpdateExistingBook" class="tests.UpdateBookTest"/>
      </group> <!-- smoke -->
    </groups>
    <test started-at="2025-05-16T16:30:50 IST" name="API Validation" finished-at="2025-05-16T16:30:56 IST" duration-ms="5803">
      <class name="tests.UpdateBookTest">
        <test-method is-config="true" signature="setup()[pri:0, instance:tests.UpdateBookTest@78e4deb0]" started-at="2025-05-16T16:30:55 IST" name="setup" finished-at="2025-05-16T16:30:55 IST" duration-ms="391" status="PASS">
          <reporter-output>
          </reporter-output>
        </test-method> <!-- setup -->
        <test-method signature="testUpdateExistingBook()[pri:0, instance:tests.UpdateBookTest@78e4deb0]" started-at="2025-05-16T16:30:55 IST" name="testUpdateExistingBook" description="Update existing book details" finished-at="2025-05-16T16:30:55 IST" duration-ms="223" status="PASS">
          <reporter-output>
          </reporter-output>
        </test-method> <!-- testUpdateExistingBook -->
        <test-method signature="testUpdateNonExistentBook()[pri:0, instance:tests.UpdateBookTest@78e4deb0]" started-at="2025-05-16T16:30:55 IST" name="testUpdateNonExistentBook" description="Update non-existent book" finished-at="2025-05-16T16:30:55 IST" duration-ms="34" status="PASS">
          <reporter-output>
          </reporter-output>
        </test-method> <!-- testUpdateNonExistentBook -->
        <test-method is-config="true" signature="tearDown()[pri:0, instance:tests.UpdateBookTest@78e4deb0]" started-at="2025-05-16T16:30:55 IST" name="tearDown" finished-at="2025-05-16T16:30:55 IST" duration-ms="13" status="PASS">
          <reporter-output>
          </reporter-output>
        </test-method> <!-- tearDown -->
      </class> <!-- tests.UpdateBookTest -->
      <class name="tests.DeleteBookTest">
        <test-method is-config="true" signature="setup()[pri:0, instance:tests.DeleteBookTest@6e9175d8]" started-at="2025-05-16T16:30:55 IST" name="setup" finished-at="2025-05-16T16:30:56 IST" duration-ms="411" status="PASS">
          <reporter-output>
          </reporter-output>
        </test-method> <!-- setup -->
        <test-method signature="testDeleteExistingBook()[pri:0, instance:tests.DeleteBookTest@6e9175d8]" started-at="2025-05-16T16:30:56 IST" name="testDeleteExistingBook" description="Delete an existing book" finished-at="2025-05-16T16:30:56 IST" duration-ms="111" status="PASS">
          <reporter-output>
          </reporter-output>
        </test-method> <!-- testDeleteExistingBook -->
        <test-method signature="testDeleteNonExistentBook()[pri:0, instance:tests.DeleteBookTest@6e9175d8]" started-at="2025-05-16T16:30:56 IST" name="testDeleteNonExistentBook" description="Delete a non-existent book" finished-at="2025-05-16T16:30:56 IST" duration-ms="36" status="PASS">
          <reporter-output>
          </reporter-output>
        </test-method> <!-- testDeleteNonExistentBook -->
        <test-method is-config="true" signature="tearDown()[pri:0, instance:tests.DeleteBookTest@6e9175d8]" started-at="2025-05-16T16:30:56 IST" name="tearDown" finished-at="2025-05-16T16:30:56 IST" duration-ms="18" status="PASS">
          <reporter-output>
          </reporter-output>
        </test-method> <!-- tearDown -->
      </class> <!-- tests.DeleteBookTest -->
      <class name="tests.CreateBookTest">
        <test-method is-config="true" signature="setup()[pri:0, instance:tests.CreateBookTest@2a265ea9]" started-at="2025-05-16T16:30:50 IST" name="setup" finished-at="2025-05-16T16:30:53 IST" duration-ms="3342" status="PASS">
          <reporter-output>
          </reporter-output>
        </test-method> <!-- setup -->
        <test-method signature="testCreateBookWithInvalidData()[pri:0, instance:tests.CreateBookTest@2a265ea9]" started-at="2025-05-16T16:30:53 IST" name="testCreateBookWithInvalidData" description="Send invalid book payload and verify error response" finished-at="2025-05-16T16:30:54 IST" duration-ms="315" status="PASS">
          <reporter-output>
          </reporter-output>
        </test-method> <!-- testCreateBookWithInvalidData -->
        <test-method signature="testCreateBookWithValidData()[pri:0, instance:tests.CreateBookTest@2a265ea9]" started-at="2025-05-16T16:30:54 IST" name="testCreateBookWithValidData" description="Create a new book with valid details" finished-at="2025-05-16T16:30:54 IST" duration-ms="109" status="PASS">
          <reporter-output>
          </reporter-output>
        </test-method> <!-- testCreateBookWithValidData -->
        <test-method is-config="true" signature="tearDown()[pri:0, instance:tests.CreateBookTest@2a265ea9]" started-at="2025-05-16T16:30:54 IST" name="tearDown" finished-at="2025-05-16T16:30:54 IST" duration-ms="34" status="PASS">
          <reporter-output>
          </reporter-output>
        </test-method> <!-- tearDown -->
      </class> <!-- tests.CreateBookTest -->
      <class name="tests.GetBookTest">
        <test-method is-config="true" signature="setup()[pri:0, instance:tests.GetBookTest@5b1669c0]" started-at="2025-05-16T16:30:54 IST" name="setup" finished-at="2025-05-16T16:30:54 IST" duration-ms="381" status="PASS">
          <reporter-output>
          </reporter-output>
        </test-method> <!-- setup -->
        <test-method signature="testGetExistingBook()[pri:0, instance:tests.GetBookTest@5b1669c0]" started-at="2025-05-16T16:30:54 IST" name="testGetExistingBook" description="Get existing book details" finished-at="2025-05-16T16:30:55 IST" duration-ms="116" status="PASS">
          <reporter-output>
          </reporter-output>
        </test-method> <!-- testGetExistingBook -->
        <test-method signature="testGetNonExistentBook()[pri:0, instance:tests.GetBookTest@5b1669c0]" started-at="2025-05-16T16:30:55 IST" name="testGetNonExistentBook" description="Get non-existent book" finished-at="2025-05-16T16:30:55 IST" duration-ms="42" status="PASS">
          <reporter-output>
          </reporter-output>
        </test-method> <!-- testGetNonExistentBook -->
        <test-method is-config="true" signature="tearDown()[pri:0, instance:tests.GetBookTest@5b1669c0]" started-at="2025-05-16T16:30:55 IST" name="tearDown" finished-at="2025-05-16T16:30:55 IST" duration-ms="18" status="PASS">
          <reporter-output>
          </reporter-output>
        </test-method> <!-- tearDown -->
      </class> <!-- tests.GetBookTest -->
    </test> <!-- API Validation -->
  </suite> <!-- Bookstore API Tests -->
</testng-results>
