<?xml version="1.0" encoding="UTF-8"?>
<testng-results ignored="0" total="2" passed="2" failed="0" skipped="0">
  <reporter-output>
  </reporter-output>
  <suite started-at="2025-05-08T07:33:15 IST" name="Surefire suite" finished-at="2025-05-08T07:33:19 IST" duration-ms="3954">
    <groups>
      <group name="negative">
        <method signature="CreateBookTest.testCreateBookWithInvalidData()[pri:0, instance:tests.CreateBookTest@fba92d3]" name="testCreateBookWithInvalidData" class="tests.CreateBookTest"/>
      </group> <!-- negative -->
      <group name="smoke">
        <method signature="CreateBookTest.testCreateBookWithValidData()[pri:0, instance:tests.CreateBookTest@fba92d3]" name="testCreateBookWithValidData" class="tests.CreateBookTest"/>
      </group> <!-- smoke -->
    </groups>
    <test started-at="2025-05-08T07:33:15 IST" name="Surefire test" finished-at="2025-05-08T07:33:19 IST" duration-ms="3954">
      <class name="tests.CreateBookTest">
        <test-method is-config="true" signature="setup()[pri:0, instance:tests.CreateBookTest@fba92d3]" started-at="2025-05-08T07:33:15 IST" name="setup" finished-at="2025-05-08T07:33:18 IST" duration-ms="3396" status="PASS">
          <reporter-output>
          </reporter-output>
        </test-method> <!-- setup -->
        <test-method signature="testCreateBookWithInvalidData()[pri:0, instance:tests.CreateBookTest@fba92d3]" started-at="2025-05-08T07:33:18 IST" name="testCreateBookWithInvalidData" description="Send invalid book payload and verify error response" finished-at="2025-05-08T07:33:18 IST" duration-ms="276" status="PASS">
          <reporter-output>
          </reporter-output>
        </test-method> <!-- testCreateBookWithInvalidData -->
        <test-method signature="testCreateBookWithValidData()[pri:0, instance:tests.CreateBookTest@fba92d3]" started-at="2025-05-08T07:33:18 IST" name="testCreateBookWithValidData" description="Create a new book with valid details" finished-at="2025-05-08T07:33:19 IST" duration-ms="96" status="PASS">
          <reporter-output>
          </reporter-output>
        </test-method> <!-- testCreateBookWithValidData -->
        <test-method is-config="true" signature="tearDown()[pri:0, instance:tests.CreateBookTest@fba92d3]" started-at="2025-05-08T07:33:19 IST" name="tearDown" finished-at="2025-05-08T07:33:19 IST" duration-ms="28" status="PASS">
          <reporter-output>
          </reporter-output>
        </test-method> <!-- tearDown -->
      </class> <!-- tests.CreateBookTest -->
    </test> <!-- Surefire test -->
  </suite> <!-- Surefire suite -->
</testng-results>
