<?xml version="1.0" encoding="UTF-8"?>
<testsuite xmlns:xsi="http://www.w3.org/2001/XMLSchema-instance" xsi:noNamespaceSchemaLocation="https://maven.apache.org/surefire/maven-surefire-plugin/xsd/surefire-test-report-3.0.xsd" version="3.0" name="TestSuite" time="7.331" tests="6" errors="0" skipped="0" failures="0">
  <properties>
[...]
</properties>
  <testcase name="testGetExistingBook" classname="tests.GetBookTest" time="0.501">
    <system-out><![CDATA[Redirecting login to: http://localhost:8000/login
Login status: 200
Login response body: {"access_token":"eyJ0eXAiOiJKV1QiLCJhbGciOiJIUzI1NiJ9.eyJzdWIiOiJ0ZXN0QGdtYWlsLmNvbSIsImV4cCI6MTc0NjY3MDk1OH0.8Zgz0_GxcilUUJqxC1ErB5iby1zYyg_hbFTZAmgy0Aw","token_type":"bearer"}
Created book response: {"name":"Test Book","author":"Test Author","id":6,"book_summary":"Delete test summary","published_year":2023}
]]></system-out>
    <system-err><![CDATA[SLF4J: Failed to load class "org.slf4j.impl.StaticLoggerBinder".
SLF4J: Defaulting to no-operation (NOP) logger implementation
SLF4J: See http://www.slf4j.org/codes.html#StaticLoggerBinder for further details.
]]></system-err>
  </testcase>
  <testcase name="testGetNonExistentBook" classname="tests.GetBookTest" time="0.049"/>
  <testcase name="testUpdateExistingBook" classname="tests.UpdateBookTest" time="0.178">
    <system-out><![CDATA[Redirecting login to: http://localhost:8000/login
Login status: 200
Login response body: {"access_token":"eyJ0eXAiOiJKV1QiLCJhbGciOiJIUzI1NiJ9.eyJzdWIiOiJ0ZXN0QGdtYWlsLmNvbSIsImV4cCI6MTc0NjY3MDk2MH0.SLtt6Q1WJtZp490z_gDgP5u_KXEcsDdt_4WbgPA8-G4","token_type":"bearer"}
Created book response: {"name":"Test Book","author":"Test Author","id":7,"book_summary":"Delete test summary","published_year":2023}
]]></system-out>
  </testcase>
  <testcase name="testUpdateNonExistentBook" classname="tests.UpdateBookTest" time="0.073">
    <system-out><![CDATA[Updating book with ID: 7
Updated Book Data:     {
        "name": "Book Name1",
        "author": "Author Name",
        "published_year": "2023",
        "book_summary": "Some summary"
    }

]]></system-out>
  </testcase>
  <testcase name="testDeleteExistingBook" classname="tests.DeleteBookTest" time="0.275">
    <system-out><![CDATA[Redirecting login to: http://localhost:8000/login
Login status: 200
Login response body: {"access_token":"eyJ0eXAiOiJKV1QiLCJhbGciOiJIUzI1NiJ9.eyJzdWIiOiJ0ZXN0QGdtYWlsLmNvbSIsImV4cCI6MTc0NjY3MDk2MX0.DdY72XpEBJYSXrXDpBqf7KHt_yJTh6lKvqdas3TmAGE","token_type":"bearer"}
Created book response: {"name":"Test Book","author":"Test Author","id":8,"book_summary":"Delete test summary","published_year":2023}
]]></system-out>
  </testcase>
  <testcase name="testDeleteNonExistentBook" classname="tests.DeleteBookTest" time="0.0"/>
</testsuite>