<?xml version="1.0" encoding="UTF-8"?>
<testsuite xmlns:xsi="http://www.w3.org/2001/XMLSchema-instance" xsi:noNamespaceSchemaLocation="https://maven.apache.org/surefire/maven-surefire-plugin/xsd/surefire-test-report-3.0.xsd" version="3.0" name="TestSuite" time="2.311" tests="8" errors="0" skipped="0" failures="0">
  <properties>
[...]
</properties>
  <testcase name="testCreateBookInvalidData" classname="tests.CreateBookTest" time="0.063">
    <system-err><![CDATA[SLF4J: Failed to load class "org.slf4j.impl.StaticLoggerBinder".
SLF4J: Defaulting to no-operation (NOP) logger implementation
SLF4J: See http://www.slf4j.org/codes.html#StaticLoggerBinder for further details.
]]></system-err>
  </testcase>
  <testcase name="testCreateBookValidData" classname="tests.CreateBookTest" time="0.028"/>
  <testcase name="testGetExistingBook" classname="tests.GetBookTest" time="0.036">
    <system-out><![CDATA[Created book response: {"name":"Test Book","id":30,"book_summary":"Delete test summary","published_year":2023,"author":"Test Author"}
]]></system-out>
  </testcase>
  <testcase name="testGetNonExistentBook" classname="tests.GetBookTest" time="0.012"/>
  <testcase name="testUpdateExistingBook" classname="tests.UpdateBookTest" time="0.049">
    <system-out><![CDATA[Created book response: {"name":"Test Book","id":31,"book_summary":"Delete test summary","published_year":2023,"author":"Test Author"}
]]></system-out>
  </testcase>
  <testcase name="testUpdateNonExistentBook" classname="tests.UpdateBookTest" time="0.01">
    <system-out><![CDATA[Updating book with ID: 31
Updated Book Data:     {
        "name": "Book Name1",
        "author": "Author Name",
        "published_year": "2023",
        "book_summary": "Some summary"
    }

]]></system-out>
  </testcase>
  <testcase name="testDeleteExistingBook" classname="tests.DeleteBookTest" time="0.032">
    <system-out><![CDATA[Created book response: {"name":"Test Book","id":32,"book_summary":"Delete test summary","published_year":2023,"author":"Test Author"}
]]></system-out>
  </testcase>
  <testcase name="testDeleteNonExistentBook" classname="tests.DeleteBookTest" time="0.01"/>
</testsuite>